build/app/intermediates/manifest_merge_blame_file/debug/manifest-merger-blame-debug-report.txt
1<?xml version="1.0" encoding="utf-8"?>
2<manifest xmlns:android="http://schemas.android.com/apk/res/android"
3    package="com.cninfotech.cnfaceattendance"
4    android:versionCode="1"
5    android:versionName="1.0.0" >
6
7    <uses-sdk
8        android:minSdkVersion="26"
9        android:targetSdkVersion="34" />
10    <!--
11         The INTERNET permission is required for development. Specifically,
12         the Flutter tool needs it to communicate with the running application
13         to allow setting breakpoints, to provide hot reload, etc.
14    -->
15    <uses-permission android:name="android.permission.INTERNET" />
15-->src\main\AndroidManifest.xml:2:5-66
15-->src\main\AndroidManifest.xml:2:22-64
16
17    <queries>
17-->src\main\AndroidManifest.xml:3:5-9:15
18        <intent>
18-->src\main\AndroidManifest.xml:4:5-8:14
19            <action android:name="android.intent.action.VIEW" />
19-->src\main\AndroidManifest.xml:5:9-61
19-->src\main\AndroidManifest.xml:5:17-58
20
21            <category android:name="android.intent.category.BROWSABLE" />
21-->src\main\AndroidManifest.xml:6:9-70
21-->src\main\AndroidManifest.xml:6:19-67
22
23            <data android:scheme="https" />
23-->src\main\AndroidManifest.xml:7:9-40
23-->src\main\AndroidManifest.xml:7:15-37
24        </intent>
25    </queries>
26
27    <uses-permission android:name="android.permission.CAMERA" />
27-->[:camera_android] AndroidManifest.xml:9:5-65
27-->[:camera_android] AndroidManifest.xml:9:22-62
28    <uses-permission android:name="android.permission.RECORD_AUDIO" />
28-->[:camera_android] AndroidManifest.xml:10:5-71
28-->[:camera_android] AndroidManifest.xml:10:22-68
29
30    <uses-feature android:name="android.hardware.camera" />
30-->[:selfie_liveness] AndroidManifest.xml:9:5-60
30-->[:selfie_liveness] AndroidManifest.xml:9:19-57
31
32    <uses-permission android:name="android.permission.WRITE_EXTERNAL_STORAGE" />
32-->[:selfie_liveness] AndroidManifest.xml:12:5-81
32-->[:selfie_liveness] AndroidManifest.xml:12:22-78
33    <uses-permission android:name="android.permission.READ_EXTERNAL_STORAGE" />
33-->[:selfie_liveness] AndroidManifest.xml:13:5-80
33-->[:selfie_liveness] AndroidManifest.xml:13:22-77
34
35    <meta-data
35-->[:selfie_liveness] AndroidManifest.xml:15:5-17:65
36        android:name="com.google.android.gms.version"
36-->[:selfie_liveness] AndroidManifest.xml:16:9-54
37        android:value="@integer/google_play_services_version" />
37-->[:selfie_liveness] AndroidManifest.xml:17:9-62
38    <meta-data
38-->[:selfie_liveness] AndroidManifest.xml:18:5-20:36
39        android:name="com.google.android.gms.vision.DEPENDENCIES"
39-->[:selfie_liveness] AndroidManifest.xml:19:9-66
40        android:value="face,ocr" />
40-->[:selfie_liveness] AndroidManifest.xml:20:9-33
41
42    <permission
42-->[androidx.core:core:1.13.1] AndroidManifest.xml:22:5-24:47
43        android:name="com.cninfotech.cnfaceattendance.DYNAMIC_RECEIVER_NOT_EXPORTED_PERMISSION"
43-->[androidx.core:core:1.13.1] AndroidManifest.xml:23:9-81
44        android:protectionLevel="signature" />
44-->[androidx.core:core:1.13.1] AndroidManifest.xml:24:9-44
45
46    <uses-permission android:name="com.cninfotech.cnfaceattendance.DYNAMIC_RECEIVER_NOT_EXPORTED_PERMISSION" /> <!-- Although the *SdkVersion is captured in gradle build files, this is required for non gradle builds -->
46-->[androidx.core:core:1.13.1] AndroidManifest.xml:26:5-97
46-->[androidx.core:core:1.13.1] AndroidManifest.xml:26:22-94
47    <!-- <uses-sdk android:minSdkVersion="14"/> -->
48    <uses-permission android:name="android.permission.ACCESS_NETWORK_STATE" />
48-->[com.google.android.datatransport:transport-backend-cct:2.3.3] AndroidManifest.xml:25:5-79
48-->[com.google.android.datatransport:transport-backend-cct:2.3.3] AndroidManifest.xml:25:22-76
49
50    <application
51        android:name="android.app.Application"
52        android:allowBackup="true"
52-->[:selfie_liveness] AndroidManifest.xml:23:9-35
53        android:appComponentFactory="androidx.core.app.CoreComponentFactory"
53-->[androidx.core:core:1.13.1] AndroidManifest.xml:28:18-86
54        android:debuggable="true"
55        android:extractNativeLibs="false"
56        android:hardwareAccelerated="true"
56-->[:selfie_liveness] AndroidManifest.xml:24:9-43
57        android:icon="@mipmap/ic_launcher"
58        android:label="Cobra AIAS"
59        android:requestLegacyExternalStorage="true"
59-->[:selfie_liveness] AndroidManifest.xml:25:9-52
60        android:theme="@style/AppTheme"
60-->[:selfie_liveness] AndroidManifest.xml:26:9-40
61        android:usesCleartextTraffic="true" >
61-->[:selfie_liveness] AndroidManifest.xml:27:9-44
62        <activity
63            android:name="com.cninfotech.cnfaceattendance.MainActivity"
64            android:configChanges="orientation|keyboardHidden|keyboard|screenSize|smallestScreenSize|locale|layoutDirection|fontScale|screenLayout|density|uiMode"
65            android:exported="true"
66            android:hardwareAccelerated="true"
67            android:launchMode="singleTop"
68            android:theme="@style/LaunchTheme"
69            android:windowSoftInputMode="adjustResize" >
70
71            <!--
72                 Specifies an Android theme to apply to this Activity as soon as
73                 the Android process has started. This theme is visible to the user
74                 while the Flutter UI initializes. After that, this theme continues
75                 to determine the Window background behind the Flutter UI.
76            -->
77            <meta-data
78                android:name="io.flutter.embedding.android.NormalTheme"
79                android:resource="@style/NormalTheme" />
80
81            <intent-filter>
82                <action android:name="android.intent.action.MAIN" />
83
84                <category android:name="android.intent.category.LAUNCHER" />
85            </intent-filter>
86        </activity>
87        <!--
88             Don't delete the meta-data below.
89             This is used by the Flutter tool to generate GeneratedPluginRegistrant.java
90        -->
91        <meta-data
92            android:name="flutterEmbedding"
93            android:value="2" />
94        <meta-data
94-->[:selfie_liveness] AndroidManifest.xml:15:5-17:65
95            android:name="com.google.android.gms.version"
95-->[:selfie_liveness] AndroidManifest.xml:16:9-54
96            android:value="@integer/google_play_services_version" />
96-->[:selfie_liveness] AndroidManifest.xml:17:9-62
97        <meta-data
97-->[:selfie_liveness] AndroidManifest.xml:18:5-20:36
98            android:name="com.google.android.gms.vision.DEPENDENCIES"
98-->[:selfie_liveness] AndroidManifest.xml:19:9-66
99            android:value="face,ocr" />
99-->[:selfie_liveness] AndroidManifest.xml:20:9-33
100
101        <activity
101-->[:selfie_liveness] AndroidManifest.xml:35:9-38:47
102            android:name="com.selfieliveness.selfie_liveness.FaceTrackerActivity"
102-->[:selfie_liveness] AndroidManifest.xml:36:13-82
103            android:screenOrientation="portrait"
103-->[:selfie_liveness] AndroidManifest.xml:37:13-49
104            android:theme="@style/AppTheme" />
104-->[:selfie_liveness] AndroidManifest.xml:38:13-44
105
106        <provider
106-->[:image_picker_android] AndroidManifest.xml:11:9-19:20
107            android:name="io.flutter.plugins.imagepicker.ImagePickerFileProvider"
107-->[:image_picker_android] AndroidManifest.xml:12:13-82
108            android:authorities="com.cninfotech.cnfaceattendance.flutter.image_provider"
108-->[:image_picker_android] AndroidManifest.xml:13:13-74
109            android:exported="false"
109-->[:image_picker_android] AndroidManifest.xml:14:13-37
110            android:grantUriPermissions="true" >
110-->[:image_picker_android] AndroidManifest.xml:15:13-47
111            <meta-data
111-->[:image_picker_android] AndroidManifest.xml:16:13-18:75
112                android:name="android.support.FILE_PROVIDER_PATHS"
112-->[:image_picker_android] AndroidManifest.xml:17:17-67
113                android:resource="@xml/flutter_image_picker_file_paths" />
113-->[:image_picker_android] AndroidManifest.xml:18:17-72
114        </provider> <!-- Trigger Google Play services to install the backported photo picker module. -->
115        <service
115-->[:image_picker_android] AndroidManifest.xml:21:9-33:19
116            android:name="com.google.android.gms.metadata.ModuleDependencies"
116-->[:image_picker_android] AndroidManifest.xml:22:13-78
117            android:enabled="false"
117-->[:image_picker_android] AndroidManifest.xml:23:13-36
118            android:exported="false" >
118-->[:image_picker_android] AndroidManifest.xml:24:13-37
119            <intent-filter>
119-->[:image_picker_android] AndroidManifest.xml:26:13-28:29
120                <action android:name="com.google.android.gms.metadata.MODULE_DEPENDENCIES" />
120-->[:image_picker_android] AndroidManifest.xml:27:17-94
120-->[:image_picker_android] AndroidManifest.xml:27:25-91
121            </intent-filter>
122
123            <meta-data
123-->[:image_picker_android] AndroidManifest.xml:30:13-32:36
124                android:name="photopicker_activity:0:required"
124-->[:image_picker_android] AndroidManifest.xml:31:17-63
125                android:value="" />
125-->[:image_picker_android] AndroidManifest.xml:32:17-33
126        </service>
127
128        <activity
128-->[:url_launcher_android] AndroidManifest.xml:10:9-13:74
129            android:name="io.flutter.plugins.urllauncher.WebViewActivity"
129-->[:url_launcher_android] AndroidManifest.xml:11:13-74
130            android:exported="false"
130-->[:url_launcher_android] AndroidManifest.xml:12:13-37
131            android:theme="@android:style/Theme.NoTitleBar.Fullscreen" />
131-->[:url_launcher_android] AndroidManifest.xml:13:13-71
132
133        <service
133-->[com.google.android.gms:play-services-mlkit-face-detection:17.0.1] AndroidManifest.xml:9:9-15:19
134            android:name="com.google.mlkit.common.internal.MlKitComponentDiscoveryService"
134-->[com.google.android.gms:play-services-mlkit-face-detection:17.0.1] AndroidManifest.xml:10:13-91
135            android:directBootAware="true"
135-->[com.google.mlkit:common:18.6.0] AndroidManifest.xml:17:13-43
136            android:exported="false" >
136-->[com.google.android.gms:play-services-mlkit-face-detection:17.0.1] AndroidManifest.xml:11:13-37
137            <meta-data
137-->[com.google.android.gms:play-services-mlkit-face-detection:17.0.1] AndroidManifest.xml:12:13-14:85
138                android:name="com.google.firebase.components:com.google.mlkit.vision.face.internal.FaceRegistrar"
138-->[com.google.android.gms:play-services-mlkit-face-detection:17.0.1] AndroidManifest.xml:13:17-114
139                android:value="com.google.firebase.components.ComponentRegistrar" />
139-->[com.google.android.gms:play-services-mlkit-face-detection:17.0.1] AndroidManifest.xml:14:17-82
140            <meta-data
140-->[com.google.mlkit:vision-common:17.3.0] AndroidManifest.xml:12:13-14:85
141                android:name="com.google.firebase.components:com.google.mlkit.vision.common.internal.VisionCommonRegistrar"
141-->[com.google.mlkit:vision-common:17.3.0] AndroidManifest.xml:13:17-124
142                android:value="com.google.firebase.components.ComponentRegistrar" />
142-->[com.google.mlkit:vision-common:17.3.0] AndroidManifest.xml:14:17-82
143            <meta-data
143-->[com.google.mlkit:common:18.6.0] AndroidManifest.xml:20:13-22:85
144                android:name="com.google.firebase.components:com.google.mlkit.common.internal.CommonComponentRegistrar"
144-->[com.google.mlkit:common:18.6.0] AndroidManifest.xml:21:17-120
145                android:value="com.google.firebase.components.ComponentRegistrar" />
145-->[com.google.mlkit:common:18.6.0] AndroidManifest.xml:22:17-82
146        </service>
147
148        <provider
148-->[com.google.mlkit:common:18.6.0] AndroidManifest.xml:9:9-13:38
149            android:name="com.google.mlkit.common.internal.MlKitInitProvider"
149-->[com.google.mlkit:common:18.6.0] AndroidManifest.xml:10:13-78
150            android:authorities="com.cninfotech.cnfaceattendance.mlkitinitprovider"
150-->[com.google.mlkit:common:18.6.0] AndroidManifest.xml:11:13-69
151            android:exported="false"
151-->[com.google.mlkit:common:18.6.0] AndroidManifest.xml:12:13-37
152            android:initOrder="99" />
152-->[com.google.mlkit:common:18.6.0] AndroidManifest.xml:13:13-35
153
154        <activity
154-->[com.google.android.gms:play-services-base:18.1.0] AndroidManifest.xml:20:9-22:45
155            android:name="com.google.android.gms.common.api.GoogleApiActivity"
155-->[com.google.android.gms:play-services-base:18.1.0] AndroidManifest.xml:20:19-85
156            android:exported="false"
156-->[com.google.android.gms:play-services-base:18.1.0] AndroidManifest.xml:22:19-43
157            android:theme="@android:style/Theme.Translucent.NoTitleBar" />
157-->[com.google.android.gms:play-services-base:18.1.0] AndroidManifest.xml:21:19-78
158
159        <uses-library
159-->[androidx.window:window:1.2.0] AndroidManifest.xml:23:9-25:40
160            android:name="androidx.window.extensions"
160-->[androidx.window:window:1.2.0] AndroidManifest.xml:24:13-54
161            android:required="false" />
161-->[androidx.window:window:1.2.0] AndroidManifest.xml:25:13-37
162        <uses-library
162-->[androidx.window:window:1.2.0] AndroidManifest.xml:26:9-28:40
163            android:name="androidx.window.sidecar"
163-->[androidx.window:window:1.2.0] AndroidManifest.xml:27:13-51
164            android:required="false" />
164-->[androidx.window:window:1.2.0] AndroidManifest.xml:28:13-37
165
166        <provider
166-->[androidx.lifecycle:lifecycle-process:2.7.0] AndroidManifest.xml:24:9-32:20
167            android:name="androidx.startup.InitializationProvider"
167-->[androidx.lifecycle:lifecycle-process:2.7.0] AndroidManifest.xml:25:13-67
168            android:authorities="com.cninfotech.cnfaceattendance.androidx-startup"
168-->[androidx.lifecycle:lifecycle-process:2.7.0] AndroidManifest.xml:26:13-68
169            android:exported="false" >
169-->[androidx.lifecycle:lifecycle-process:2.7.0] AndroidManifest.xml:27:13-37
170            <meta-data
170-->[androidx.lifecycle:lifecycle-process:2.7.0] AndroidManifest.xml:29:13-31:52
171                android:name="androidx.lifecycle.ProcessLifecycleInitializer"
171-->[androidx.lifecycle:lifecycle-process:2.7.0] AndroidManifest.xml:30:17-78
172                android:value="androidx.startup" />
172-->[androidx.lifecycle:lifecycle-process:2.7.0] AndroidManifest.xml:31:17-49
173            <meta-data
173-->[androidx.profileinstaller:profileinstaller:1.3.1] AndroidManifest.xml:29:13-31:52
174                android:name="androidx.profileinstaller.ProfileInstallerInitializer"
174-->[androidx.profileinstaller:profileinstaller:1.3.1] AndroidManifest.xml:30:17-85
175                android:value="androidx.startup" />
175-->[androidx.profileinstaller:profileinstaller:1.3.1] AndroidManifest.xml:31:17-49
176        </provider>
177
178        <receiver
178-->[androidx.profileinstaller:profileinstaller:1.3.1] AndroidManifest.xml:34:9-52:20
179            android:name="androidx.profileinstaller.ProfileInstallReceiver"
179-->[androidx.profileinstaller:profileinstaller:1.3.1] AndroidManifest.xml:35:13-76
180            android:directBootAware="false"
180-->[androidx.profileinstaller:profileinstaller:1.3.1] AndroidManifest.xml:36:13-44
181            android:enabled="true"
181-->[androidx.profileinstaller:profileinstaller:1.3.1] AndroidManifest.xml:37:13-35
182            android:exported="true"
182-->[androidx.profileinstaller:profileinstaller:1.3.1] AndroidManifest.xml:38:13-36
183            android:permission="android.permission.DUMP" >
183-->[androidx.profileinstaller:profileinstaller:1.3.1] AndroidManifest.xml:39:13-57
184            <intent-filter>
184-->[androidx.profileinstaller:profileinstaller:1.3.1] AndroidManifest.xml:40:13-42:29
185                <action android:name="androidx.profileinstaller.action.INSTALL_PROFILE" />
185-->[androidx.profileinstaller:profileinstaller:1.3.1] AndroidManifest.xml:41:17-91
185-->[androidx.profileinstaller:profileinstaller:1.3.1] AndroidManifest.xml:41:25-88
186            </intent-filter>
187            <intent-filter>
187-->[androidx.profileinstaller:profileinstaller:1.3.1] AndroidManifest.xml:43:13-45:29
188                <action android:name="androidx.profileinstaller.action.SKIP_FILE" />
188-->[androidx.profileinstaller:profileinstaller:1.3.1] AndroidManifest.xml:44:17-85
188-->[androidx.profileinstaller:profileinstaller:1.3.1] AndroidManifest.xml:44:25-82
189            </intent-filter>
190            <intent-filter>
190-->[androidx.profileinstaller:profileinstaller:1.3.1] AndroidManifest.xml:46:13-48:29
191                <action android:name="androidx.profileinstaller.action.SAVE_PROFILE" />
191-->[androidx.profileinstaller:profileinstaller:1.3.1] AndroidManifest.xml:47:17-88
191-->[androidx.profileinstaller:profileinstaller:1.3.1] AndroidManifest.xml:47:25-85
192            </intent-filter>
193            <intent-filter>
193-->[androidx.profileinstaller:profileinstaller:1.3.1] AndroidManifest.xml:49:13-51:29
194                <action android:name="androidx.profileinstaller.action.BENCHMARK_OPERATION" />
194-->[androidx.profileinstaller:profileinstaller:1.3.1] AndroidManifest.xml:50:17-95
194-->[androidx.profileinstaller:profileinstaller:1.3.1] AndroidManifest.xml:50:25-92
195            </intent-filter>
196        </receiver>
197
198        <service
198-->[com.google.android.datatransport:transport-backend-cct:2.3.3] AndroidManifest.xml:29:9-35:19
199            android:name="com.google.android.datatransport.runtime.backends.TransportBackendDiscovery"
199-->[com.google.android.datatransport:transport-backend-cct:2.3.3] AndroidManifest.xml:30:13-103
200            android:exported="false" >
200-->[com.google.android.datatransport:transport-backend-cct:2.3.3] AndroidManifest.xml:31:13-37
201            <meta-data
201-->[com.google.android.datatransport:transport-backend-cct:2.3.3] AndroidManifest.xml:32:13-34:39
202                android:name="backend:com.google.android.datatransport.cct.CctBackendFactory"
202-->[com.google.android.datatransport:transport-backend-cct:2.3.3] AndroidManifest.xml:33:17-94
203                android:value="cct" />
203-->[com.google.android.datatransport:transport-backend-cct:2.3.3] AndroidManifest.xml:34:17-36
204        </service>
205        <service
205-->[com.google.android.datatransport:transport-runtime:2.2.6] AndroidManifest.xml:26:9-30:19
206            android:name="com.google.android.datatransport.runtime.scheduling.jobscheduling.JobInfoSchedulerService"
206-->[com.google.android.datatransport:transport-runtime:2.2.6] AndroidManifest.xml:27:13-117
207            android:exported="false"
207-->[com.google.android.datatransport:transport-runtime:2.2.6] AndroidManifest.xml:28:13-37
208            android:permission="android.permission.BIND_JOB_SERVICE" >
208-->[com.google.android.datatransport:transport-runtime:2.2.6] AndroidManifest.xml:29:13-69
209        </service>
210
211        <receiver
211-->[com.google.android.datatransport:transport-runtime:2.2.6] AndroidManifest.xml:32:9-34:40
212            android:name="com.google.android.datatransport.runtime.scheduling.jobscheduling.AlarmManagerSchedulerBroadcastReceiver"
212-->[com.google.android.datatransport:transport-runtime:2.2.6] AndroidManifest.xml:33:13-132
213            android:exported="false" />
213-->[com.google.android.datatransport:transport-runtime:2.2.6] AndroidManifest.xml:34:13-37
214    </application>
215
216</manifest>